Arguments: 
  C:\Program Files\nodejs\node.exe C:\Users\AB_GILGAL\AppData\Roaming\npm\node_modules\yarn\bin\yarn.js add express

PATH: 
  C:\Users\AB_GILGAL\bin;C:\Program Files\Git\mingw64\bin;C:\Program Files\Git\usr\local\bin;C:\Program Files\Git\usr\bin;C:\Program Files\Git\usr\bin;C:\Program Files\Git\mingw64\bin;C:\Program Files\Git\usr\bin;C:\Users\AB_GILGAL\bin;C:\Windows\system32;C:\Windows;C:\Windows\System32\Wbem;C:\Windows\System32\WindowsPowerShell\v1.0;C:\Windows\System32\OpenSSH;C:\Program Files\Git\cmd;C:\Program Files\nodejs;C:\Users\AB_GILGAL\AppData\Local\Microsoft\WindowsApps;C:\Users\AB_GILGAL\AppData\Local\Programs\Microsoft VS Code\bin;C:\Users\AB_GILGAL\AppData\Roaming\npm;C:\flutter\bin;C:\Program Files\Git\usr\bin\vendor_perl;C:\Program Files\Git\usr\bin\core_perl

Yarn version: 
  1.22.18

Node version: 
  16.13.1

Platform: 
  win32 x64

Trace: 
  Error: getaddrinfo ENOTFOUND registry.yarnpkg.com
      at GetAddrInfoReqWrap.onlookup [as oncomplete] (node:dns:71:26)

npm manifest: 
  {
    "name": "day-3",
    "version": "1.0.0",
    "description": "My first API",
    "main": "index.js",
    "scripts": {
      "test": "echo \"Error: no test specified\" && exit 1"
    },
    "author": "Abraham Ocansey",
    "license": "ISC"
  }

yarn manifest: 
  No manifest

Lockfile: 
  No lockfile
